make.exe all --print-data-base --no-builtin-variables --no-builtin-rules --question
# GNU Make 3.81
# Copyright (C) 2006  Free Software Foundation, Inc.
# This is free software; see the source for copying conditions.
# There is NO warranty; not even for MERCHANTABILITY or FITNESS FOR A
# PARTICULAR PURPOSE.

# This program built for i386-pc-mingw32
 

# Make data base, printed on Thu Aug 10 22:39:49 2023

# Variables

# automatic
<D = $(patsubst %/,%,$(dir $<))
# automatic
?F = $(notdir $?)
# environment
VSCODE_CRASH_REPORTER_PROCESS_TYPE = extensionHost
# makefile
MAKEFLAGS = Rrqp
# automatic
?D = $(patsubst %/,%,$(dir $?))
# automatic
@D = $(patsubst %/,%,$(dir $@))
# environment
HOMEDRIVE = C:
# automatic
@F = $(notdir $@)
# automatic
^D = $(patsubst %/,%,$(dir $^))
# makefile
CURDIR := c:/Users/dylan/OneDrive - University of Cape Town/UNIVERSITY FIL 
ES/Third Year/Semester 2/CSC2002S/ParallelAssignment2023/CSC2002S_ass1/ParallelAssignment2023
# default
SHELL := C:/Program Files/Git/usr/bin/sh.exe
# environment
WINDIR = C:\WINDOWS
# environment
VSCODE_NLS_CONFIG = {"locale":"en-us","osLocale":"en-za","availableLanguages":{},"_languagePackSupport":true}
# environment
VBOX_MSI_INSTALL_PATH = C:\Program Files\Oracle\VirtualBox\
# environment
ONEDRIVE = C:\Users\dylan\OneDrive - University of Cape Town
# environment
PATHEXT = .COM;.EXE;.BAT;.CMD;.VBS;.VBE;.JS;.JSE;.WSF;.WSH;.MSC
# makefile (from `makefile', line 1)
MAKEFILE_LIST :=  makefile
# environment
TMP = C:\Users\dylan\AppData\Local\Temp
# environment
PROGRAMW6432 = C:\Program Files
# environment
PROGRAMDATA = C:\ProgramData
# environment
VSCODE_CWD = C:\Users\dylan\AppData\Local\Programs\Microsoft VS Code
# makefile (from `makefile', line 11)
CLASS_FILES = $(CLASSES:%.class=$(BINDIR)/%.class)
# environment
PATH = C:\Program Files (x86)\GnuWin32\bin;C:\WINDOWS\system32;C:\WINDOWS;C:\WINDOWS\System32\Wbem;C:\WINDOWS\System32\WindowsPowerShell\v1.0\;C:\WINDOWS\System32\OpenSSH\;C:\Program Files\Java\jdk-19\bin;C:\Program Files\Common Files\Oracle\Java\javapath;C:\Program Files\Git\cmd;C:\Program Files\Git\mingw64\bin;C:\Program Files\Git\usr\bin;C:\Program Files\MATLAB\R2023a\bin;C:\Program Files (x86)\GnuWin32;C:\Program Files (x86)\GnuWin32;C:\Program Files (x86)\GnuWin32\bin;C:\Users\dylan\AppData\Local\Programs\Python\Python311\Scripts\;C:\Users\dylan\AppData\Local\Programs\Python\Python311\;C:\Program Files\MySQL\MySQL Shell 8.0\bin\;C:\Users\dylan\AppData\Local\Microsoft\WindowsApps;;C:\Users\dylan\AppData\Local\Programs\Microsoft VS Code\bin
# environment
COMMONPROGRAMW6432 = C:\Program Files\Common Files
# environment
PROCESSOR_ARCHITECTURE = x86
# environment
USERPROFILE = C:\Users\dylan
# makefile (from `makefile', line 12)
JAVA_FILES = $(CLASSES:%.class=$(SRCDIR)/%.java)
# environment
ALLUSERSPROFILE = C:\ProgramData
# environment
NUMBER_OF_PROCESSORS = 4
# environment
ELECTRON_RUN_AS_NODE = 1
# default
.FEATURES := target-specific order-only second-expansion else-if archives
# makefile (from `makefile', line 4)
SRCDIR = src/MonteCarloMini
# automatic
%F = $(notdir $%)
# environment
CHROME_CRASHPAD_PIPE_NAME = \\.\pipe\LOCAL\crashpad_27400_UUZKLYAUYTEUDJFL
# environment
COMPUTERNAME = DESKTOP-JK081IA
# environment
PROGRAMFILES = C:\Program Files (x86)
# makefile (from `makefile', line 2)
JAVA = C:\Program Files\Java\jdk-19\bin\java
# environment
DRIVERDATA = C:\Windows\System32\Drivers\DriverData
# environment
ORIGINAL_XDG_CURRENT_DESKTOP = undefined
# environment
USERNAME = dylan
# environment
PUBLIC = C:\Users\Public
# environment
VSCODE_AMD_ENTRYPOINT = vs/workbench/api/node/extensionHostProcess
# environment
VSCODE_CODE_CACHE_PATH = C:\Users\dylan\AppData\Roaming\Code\CachedData\6445d93c81ebe42c4cbd7a60712e0b17d9463e97
# environment
APPLICATION_INSIGHTS_NO_DIAGNOSTIC_CHANNEL = 1
# environment
COMMONPROGRAMFILES = C:\Program Files (x86)\Common Files
# environment
LOGONSERVER = \\DESKTOP-JK081IA
# makefile (from `makefile', line 10)
CLASSES = TerrainArea.class SearchParallel.class MonteCarloMinimizationParallel.class
# environment
ONEDRIVECONSUMER = C:\Users\dylan\OneDrive
# environment
VSCODE_HANDLES_UNCAUGHT_ERRORS = true
# environment
USERDOMAIN = DESKTOP-JK081IA
# default
MAKE = $(MAKE_COMMAND)
# default
MAKECMDGOALS := all
# makefile (from `makefile', line 5)
BINDIR = bin/MonteCarloMini
# environment
JAVA_HOME = C:\Program Files\Java\jdk-19
# environment
ONEDRIVECOMMERCIAL = C:\Users\dylan\OneDrive - University of Cape Town
# default
MAKE_VERSION := 3.81
# makefile
.DEFAULT_GOAL := default
# environment
PROGRAMFILES(X86) = C:\Program Files (x86)
# automatic
%D = $(patsubst %/,%,$(dir $%))
# environment
LOCALAPPDATA = C:\Users\dylan\AppData\Local
# environment
PSMODULEPATH = C:\Program Files\WindowsPowerShell\Modules;C:\WINDOWS\system32\WindowsPowerShell\v1.0\Modules
# default
MAKE_COMMAND := make.exe
# environment
PROCESSOR_ARCHITEW6432 = AMD64
# default
.VARIABLES := 
# automatic
*F = $(notdir $*)
 
# environment
PROCESSOR_IDENTIFIER = Intel64 Family 6 Model 78 Stepping 3, GenuineIntel
# environment
OS = Windows_NT
# environment
VSCODE_IPC_HOOK = \\.\pipe\a6a660c2d9fa314c8b54db5283c33f66-1.81.0-main-sock
# environment
HOMEPATH = \Users\dylan
# environment
COMMONPROGRAMFILES(X86) = C:\Program Files (x86)\Common Files
# environment
PROMPT = $P$G
# environment
MFLAGS = -Rrqp
# automatic
*D = $(patsubst %/,%,$(dir $*))
# environment
SYSTEMROOT = C:\WINDOWS
# automatic
+D = $(patsubst %/,%,$(dir $+))
# automatic
+F = $(notdir $+)
# environment
APPDATA = C:\Users\dylan\AppData\Roaming
# environment
TEMP = C:\Users\dylan\AppData\Local\Temp
# environment
COMSPEC = C:\WINDOWS\system32\cmd.exe
# default
MAKEFILES := 
# automatic
<F = $(notdir $<)
# environment
LC_ALL = C
# automatic
^F = $(notdir $^)
# default
SUFFIXES := 
# environment
SYSTEMDRIVE = C:
# environment
SESSIONNAME = Console
# environment
PROCESSOR_REVISION = 4e03
# environment
MAKELEVEL := 0
# makefile (from `makefile', line 1)
JAVAC = C:\Program Fi 
les\Java\jdk-19\bin\javac
# environment
LANG = C
# environment
PROCESSOR_LEVEL = 6
# environment
VSCODE_PID = 27400
# environment
USERDOMAIN_ROAMINGPROFILE = DESKTOP-JK081IA
# variable set hash-table stats:
# Load=93/1024=9%, Rehash=0, Collisions=9/117=8%

# Pattern-specific Variable Values

# No pattern-specific variable values.

# Directories

# C:\Program Files\Common Files\Oracle\Java\javapath (key C:/Program Files/Common Files/Oracle/Java/javapath, mtime 1673947880): 6 files, no impossibilities.
# C:\Program Files\Java\jdk-19\bin (key C:/Program Files/Java/jdk-19/bin, mtime 1673947878): 125 files, no impossibilities.
# C:\WINDOWS\System32\WindowsPowerShell\v1.0\ (key C:/WINDOWS/System32/WindowsPowerShell/v1.0/, mtime 1688545388): 49 files, no impossibilities.
# C:\WINDOWS\System32\Wbem (key C:/WINDOWS/System32/Wbem, mtime 1691001963): 180 files, no impossibilities.
# . (key c:/Users/dylan/OneDrive - University of Cape Town/UNIVERSITY FILES/Third Year/Semester 2/CSC2002S/ParallelAssignment2023/CSC2002S_ass1/ParallelAssignment2023, mtime 1691509599): 10 files, no impossibilities.
# C:\Program Files\Git\mingw64\bin (key C:/Program Files/Git/mingw64/bin, mtime 1677180325): 140 files, no impossibilities.
# C:\WINDOWS\System32\OpenSSH\: could not be stat'd.
# C:\WINDOWS (key C:/WINDOWS, mtime 1691002028): 139 files, no impossibilities.
# C:\Program Files\Git\usr\bin (key C:/Program Files/Git/usr/bin, mtime 1677180325): 304 files, no impossibilities so far.
# src/MonteCarloMini (key c:/Users/dylan/OneDrive - University of Cape Town/UNIVERSITY FILES/Third Year/Semester 2/CSC2002S/ParallelAssignment2023/CSC2002S_ass1/ParallelAssignment2023/src/MonteCarloMini, mtime 1691653716): No files, no impossibilities so far.
# C:\Program Files\Git\cmd (key C:/Program Files/Git/cmd, mtime 1677180325): 9 files, no impossibilities.
# C:\WINDOWS\system32 (key C:/WINDOWS/system32, mtime 1691611329): 2789 files, no impossibilities.
# C:\Program Files (x86)\GnuWin32\bin (key C:/Program Files (x86)/GnuWin32/bin, mtime 1691239523): 5 files, no impossibilities.

# 3756 files, no impossibilities in 13 directories.

# Implicit Rules

bin/MonteCarloMini/%.class: src/MonteCarloMini/%.java
#  commands to execute (from `makefile', line 8):
	$(JAVAC) -d $(BINDIR)/ -cp $(BINDIR) -sourcepath $(SRCDIR) $<
	

%.java:

%.class:

# 3 implicit rules, 0 (0,0%) terminal.

# Files

# Not a target:
bin/MonteCarloMini/SearchParallel.class:
#  Implicit rule search has not been done.
#  Modification time never checked.
#  File has not been updated.

# Not a ta 
rget:
all:
#  Command-line target.
#  Implicit rule search has been done.
#  File does not exist.
#  File has not been updated.
# variable set hash-table stats:
# Load=0/32=0%, Rehash=0, Collisions=0/0=0%

# Not a target:
.DEFAULT:
#  Implicit rule search has not been done.
#  Modification time never checked.
#  File has not been updated.

# Not a target:
bin/MonteCarloMini/MonteCarloMinimizationParallel.class:
#  Implicit rule search has not been done.
#  Modification time never checked.
#  File has not been updated.

# Not a target:
.class:
#  Implicit rule search has not been done.
#  Modification time never checked.
#  File has not been updated.

# Not a target:
makefile:
#  Implicit rule search has been done.
#  Last modified 2023-08-08 18:05:48
#  File has been updated.
#  Successfully updated.
# variable set hash-table stats:
# Load=0/32=0%, Rehash=0, Collisions=0/0=0%

default: bin/MonteCarloMini/TerrainArea.class bin/MonteCarloMini/SearchParallel.class bin/MonteCarloMini/MonteCarloMinimizationParallel.class
#  Implicit rule search has not been done.
#  Modification time never checked.
#  File has not been updated.

.SUFFIXES: .java .class
#  Implicit rule search has not been done.
#  Modification time never checked.
#  File has not been updated.

# Not a target:
.java:
#  Implicit rule search has not been done.
#  Modification time never checked.
#  File has not been updated.

run:
#  Implicit rule search has not been done.
#  Modification time never checked.
#  File has not been updated.
#  commands to execute (from `makefile', line 20):
	java -cp bin MonteCarloMinimizationParallel
	

clean:
#  Implicit rule search has not been done.
#  Modification time never checked.
#  File has not been updated.
#  commands to execute (from `makefile', line 17):
	rm $(BINDIR)/*.class
	

# Not a target:
bin/MonteCarloMini/TerrainArea.class:
#  Implicit rule search has not been done.
#  Modification time never checked.
#  File has not been updated.

# files hash-table stats:
# Load=12/1024=1%, Rehash=0, Collisions=0/31=0%
# VPATH Search Paths

# No `vpath' search paths.

# No general (`VPATH' variable) search path.

# # of strings in strcache: 1
# # of strcache buffers: 1
# strcache size: total = 4096 / max = 4096 / min = 4096 / avg = 4096
# strcache free: total = 4087 / max = 4087 / min = 4087 / avg = 4087

# Finished Make data base on Thu Aug 10 22:39:49 2023

 
make.exe: *** No rule to make target `all'.  Stop.

